Using pre-set license
Built from '2021.3/staging' branch; Version is '2021.3.1f1 (3b70a0754835) revision 3895456'; Using compiler version '192829333'; Build Type 'Release'
OS: 'Windows 10  (10.0.19044) 64bit Enterprise' Language: 'en' Physical Memory: 64944 MB
BatchMode: 1, IsHumanControllingUs: 0, StartBugReporterOnCrash: 0, Is64bit: 1, IsPro: 1

COMMAND LINE ARGUMENTS:
C:\Program Files\Unity\Hub\Editor\2021.3.1f1\Editor\Unity.exe
-adb2
-batchMode
-noUpm
-name
AssetImportWorker0
-projectPath
D:/PersonalProject_SurvivalGame/SurvivalGame/CACTUS
-logFile
Logs/AssetImportWorker0.log
-srvPort
51883
Successfully changed project path to: D:/PersonalProject_SurvivalGame/SurvivalGame/CACTUS
D:/PersonalProject_SurvivalGame/SurvivalGame/CACTUS
[UnityMemory] Configuration Parameters - Can be set up in boot.config
    "memorysetup-bucket-allocator-granularity=16"
    "memorysetup-bucket-allocator-bucket-count=8"
    "memorysetup-bucket-allocator-block-size=33554432"
    "memorysetup-bucket-allocator-block-count=8"
    "memorysetup-main-allocator-block-size=16777216"
    "memorysetup-thread-allocator-block-size=16777216"
    "memorysetup-gfx-main-allocator-block-size=16777216"
    "memorysetup-gfx-thread-allocator-block-size=16777216"
    "memorysetup-cache-allocator-block-size=4194304"
    "memorysetup-typetree-allocator-block-size=2097152"
    "memorysetup-profiler-bucket-allocator-granularity=16"
    "memorysetup-profiler-bucket-allocator-bucket-count=8"
    "memorysetup-profiler-bucket-allocator-block-size=33554432"
    "memorysetup-profiler-bucket-allocator-block-count=8"
    "memorysetup-profiler-allocator-block-size=16777216"
    "memorysetup-profiler-editor-allocator-block-size=1048576"
    "memorysetup-temp-allocator-size-main=16777216"
    "memorysetup-job-temp-allocator-block-size=2097152"
    "memorysetup-job-temp-allocator-block-size-background=1048576"
    "memorysetup-job-temp-allocator-reduction-small-platforms=262144"
    "memorysetup-temp-allocator-size-background-worker=32768"
    "memorysetup-temp-allocator-size-job-worker=262144"
    "memorysetup-temp-allocator-size-preload-manager=33554432"
    "memorysetup-temp-allocator-size-nav-mesh-worker=65536"
    "memorysetup-temp-allocator-size-audio-worker=65536"
    "memorysetup-temp-allocator-size-cloud-worker=32768"
    "memorysetup-temp-allocator-size-gi-baking-worker=262144"
    "memorysetup-temp-allocator-size-gfx=262144"
Refreshing native plugins compatible for Editor in 76.45 ms, found 3 plugins.
Preloading 0 native plugins for Editor in 0.00 ms.
Initialize engine version: 2021.3.1f1 (3b70a0754835)
[Subsystems] Discovering subsystems at path C:/Program Files/Unity/Hub/Editor/2021.3.1f1/Editor/Data/Resources/UnitySubsystems
[Subsystems] Discovering subsystems at path D:/PersonalProject_SurvivalGame/SurvivalGame/CACTUS/Assets
GfxDevice: creating device client; threaded=0; jobified=0
Direct3D:
    Version:  Direct3D 11.0 [level 11.1]
    Renderer: NVIDIA GeForce RTX 3080 Laptop GPU (ID=0x249c)
    Vendor:   NVIDIA
    VRAM:     16201 MB
    Driver:   30.0.15.1295
Initialize mono
Mono path[0] = 'C:/Program Files/Unity/Hub/Editor/2021.3.1f1/Editor/Data/Managed'
Mono path[1] = 'C:/Program Files/Unity/Hub/Editor/2021.3.1f1/Editor/Data/MonoBleedingEdge/lib/mono/unityjit-win32'
Mono config path = 'C:/Program Files/Unity/Hub/Editor/2021.3.1f1/Editor/Data/MonoBleedingEdge/etc'
Using monoOptions --debugger-agent=transport=dt_socket,embedding=1,server=y,suspend=n,address=127.0.0.1:56236
Begin MonoManager ReloadAssembly
Registering precompiled unity dll's ...
Register platform support module: C:/Program Files/Unity/Hub/Editor/2021.3.1f1/Editor/Data/PlaybackEngines/WindowsStandaloneSupport/UnityEditor.WindowsStandalone.Extensions.dll
Registered in 0.007431 seconds.
Native extension for WindowsStandalone target not found
Refreshing native plugins compatible for Editor in 73.77 ms, found 3 plugins.
Preloading 0 native plugins for Editor in 0.00 ms.
Mono: successfully reloaded assembly
- Completed reload, in  0.615 seconds
Domain Reload Profiling:
	ReloadAssembly (615ms)
		BeginReloadAssembly (72ms)
			ExecutionOrderSort (0ms)
			DisableScriptedObjects (0ms)
			BackupInstance (0ms)
			ReleaseScriptingObjects (0ms)
			CreateAndSetChildDomain (1ms)
		EndReloadAssembly (432ms)
			LoadAssemblies (69ms)
			RebuildTransferFunctionScriptingTraits (0ms)
			SetupTypeCache (89ms)
			ReleaseScriptCaches (0ms)
			RebuildScriptCaches (26ms)
			SetupLoadedEditorAssemblies (266ms)
				LogAssemblyErrors (0ms)
				InitializePlatformSupportModulesInManaged (9ms)
				SetLoadedEditorAssemblies (0ms)
				RefreshPlugins (74ms)
				BeforeProcessingInitializeOnLoad (1ms)
				ProcessInitializeOnLoadAttributes (136ms)
				ProcessInitializeOnLoadMethodAttributes (45ms)
				AfterProcessingInitializeOnLoad (0ms)
				EditorAssembliesLoaded (0ms)
			ExecutionOrderSort2 (0ms)
			AwakeInstancesAfterBackupRestoration (0ms)
Platform modules already initialized, skipping
Registering precompiled user dll's ...
Registered in 0.004799 seconds.
Begin MonoManager ReloadAssembly
Native extension for WindowsStandalone target not found
Refreshing native plugins compatible for Editor in 95.22 ms, found 3 plugins.
Preloading 0 native plugins for Editor in 0.00 ms.
Mono: successfully reloaded assembly
- Completed reload, in  1.312 seconds
Domain Reload Profiling:
	ReloadAssembly (1313ms)
		BeginReloadAssembly (159ms)
			ExecutionOrderSort (0ms)
			DisableScriptedObjects (7ms)
			BackupInstance (0ms)
			ReleaseScriptingObjects (0ms)
			CreateAndSetChildDomain (31ms)
		EndReloadAssembly (1014ms)
			LoadAssemblies (114ms)
			RebuildTransferFunctionScriptingTraits (0ms)
			SetupTypeCache (283ms)
			ReleaseScriptCaches (1ms)
			RebuildScriptCaches (52ms)
			SetupLoadedEditorAssemblies (536ms)
				LogAssemblyErrors (0ms)
				InitializePlatformSupportModulesInManaged (5ms)
				SetLoadedEditorAssemblies (0ms)
				RefreshPlugins (95ms)
				BeforeProcessingInitializeOnLoad (93ms)
				ProcessInitializeOnLoadAttributes (309ms)
				ProcessInitializeOnLoadMethodAttributes (23ms)
				AfterProcessingInitializeOnLoad (10ms)
				EditorAssembliesLoaded (0ms)
			ExecutionOrderSort2 (0ms)
			AwakeInstancesAfterBackupRestoration (6ms)
Platform modules already initialized, skipping
========================================================================
Worker process is ready to serve import requests
Launched and connected shader compiler UnityShaderCompiler.exe after 0.08 seconds
Refreshing native plugins compatible for Editor in 0.72 ms, found 3 plugins.
Preloading 0 native plugins for Editor in 0.00 ms.
Unloading 3564 Unused Serialized files (Serialized files now loaded: 0)
Unloading 26 unused Assets / (112.2 KB). Loaded Objects now: 4026.
Memory consumption went from 125.3 MB to 125.2 MB.
Total: 4.578700 ms (FindLiveObjects: 0.313400 ms CreateObjectMapping: 0.207300 ms MarkObjects: 3.907700 ms  DeleteObjects: 0.148900 ms)

AssetImportParameters requested are different than current active one (requested -> active):
  custom:video-decoder-ogg-theora: a1e56fd34408186e4bbccfd4996cb3dc -> 
  custom:container-muxer-webm: aa71ff27fc2769a1b78a27578f13a17b -> 
  custom:container-demuxer-webm: 4f35f7cbe854078d1ac9338744f61a02 -> 
  custom:video-encoder-webm-vp8: eb34c28f22e8b96e1ab97ce403110664 -> 
  custom:audio-encoder-webm-vorbis: bf7c407c2cedff20999df2af8eb42d56 -> 
  custom:framework-win-MediaFoundation: 216162199b28c13a410421893ffa2e32 -> 
  custom:container-demuxer-ogg: 62fdf1f143b41e24485cea50d1cbac27 -> 
  custom:video-decoder-webm-vp8: 9c59270c3fd7afecdb556c50c9e8de78 -> 
  custom:audio-decoder-ogg-vorbis: bf7c407c2cedff20999df2af8eb42d56 -> 
========================================================================
Received Import Request.
  Time since last request: 193390.920936 seconds.
  path: Assets/Other/PlayerController.inputactions
  artifactKey: Guid(4df3b2898da9e344b87345da332466ed) Importer(815301076,1909f56bfc062723c751e8b465ee728b)
Start importing Assets/Other/PlayerController.inputactions using Guid(4df3b2898da9e344b87345da332466ed) Importer(815301076,1909f56bfc062723c751e8b465ee728b)  -> (artifact id: '89c7a0e54c03a7acc8f75edd8b042515') in 0.040239 seconds 
========================================================================
Received Import Request.
  Time since last request: 292.585015 seconds.
  path: Assets/Other/PlayerController.inputactions
  artifactKey: Guid(4df3b2898da9e344b87345da332466ed) Importer(815301076,1909f56bfc062723c751e8b465ee728b)
Start importing Assets/Other/PlayerController.inputactions using Guid(4df3b2898da9e344b87345da332466ed) Importer(815301076,1909f56bfc062723c751e8b465ee728b)  -> (artifact id: '8d8ab3ca027693fd6f028418ab9ee386') in 0.009783 seconds 
========================================================================
Received Import Request.
  Time since last request: 219.207637 seconds.
  path: Assets/Other/PlayerController.inputactions
  artifactKey: Guid(4df3b2898da9e344b87345da332466ed) Importer(815301076,1909f56bfc062723c751e8b465ee728b)
Start importing Assets/Other/PlayerController.inputactions using Guid(4df3b2898da9e344b87345da332466ed) Importer(815301076,1909f56bfc062723c751e8b465ee728b)  -> (artifact id: 'd6dd86ba8816a426ffa0ac4c0054c50a') in 0.003817 seconds 
========================================================================
Received Import Request.
  Time since last request: 59.911799 seconds.
  path: Assets/Other/PlayerController.inputactions
  artifactKey: Guid(4df3b2898da9e344b87345da332466ed) Importer(815301076,1909f56bfc062723c751e8b465ee728b)
Start importing Assets/Other/PlayerController.inputactions using Guid(4df3b2898da9e344b87345da332466ed) Importer(815301076,1909f56bfc062723c751e8b465ee728b)  -> (artifact id: '94677b41c539b3a527b8f51d0964ed6d') in 0.003550 seconds 
========================================================================
Received Import Request.
  Time since last request: 13.185591 seconds.
  path: Assets/Other/PlayerController.inputactions
  artifactKey: Guid(4df3b2898da9e344b87345da332466ed) Importer(815301076,1909f56bfc062723c751e8b465ee728b)
Start importing Assets/Other/PlayerController.inputactions using Guid(4df3b2898da9e344b87345da332466ed) Importer(815301076,1909f56bfc062723c751e8b465ee728b)  -> (artifact id: '22c8dbb666502beac2a8be9794765bda') in 0.003529 seconds 
========================================================================
Received Import Request.
  Time since last request: 68.749587 seconds.
  path: Assets/Other/PlayerController.inputactions
  artifactKey: Guid(4df3b2898da9e344b87345da332466ed) Importer(815301076,1909f56bfc062723c751e8b465ee728b)
Start importing Assets/Other/PlayerController.inputactions using Guid(4df3b2898da9e344b87345da332466ed) Importer(815301076,1909f56bfc062723c751e8b465ee728b)  -> (artifact id: '1c521720efd379e711ddacbda14860a4') in 0.004373 seconds 
========================================================================
Received Import Request.
  Time since last request: 63.694015 seconds.
  path: Assets/Other/PlayerController.inputactions
  artifactKey: Guid(4df3b2898da9e344b87345da332466ed) Importer(815301076,1909f56bfc062723c751e8b465ee728b)
Start importing Assets/Other/PlayerController.inputactions using Guid(4df3b2898da9e344b87345da332466ed) Importer(815301076,1909f56bfc062723c751e8b465ee728b)  -> (artifact id: '560b0b5db85dae6603fa5cb36361ae49') in 0.004113 seconds 
========================================================================
Received Import Request.
  Time since last request: 36.213901 seconds.
  path: Assets/Other/PlayerController.inputactions
  artifactKey: Guid(4df3b2898da9e344b87345da332466ed) Importer(815301076,1909f56bfc062723c751e8b465ee728b)
Start importing Assets/Other/PlayerController.inputactions using Guid(4df3b2898da9e344b87345da332466ed) Importer(815301076,1909f56bfc062723c751e8b465ee728b)  -> (artifact id: '46d86e963e6ed168f1968245a3d62e79') in 0.004220 seconds 
